# JRE version: OpenJDK Runtime Environment (8.0_151-b12) (build 1.8.0_151-8u151-b12-0ubuntu0.17.10.2-b12)
# Java VM: OpenJDK 64-Bit Server VM (25.151-b12 mixed mode linux-amd64 compressed oops)
Heap:
 PSYoungGen      total 137216K, used 12277K [0x00000000d6f80000, 0x00000000e0380000, 0x0000000100000000)
  eden space 124928K, 0% used [0x00000000d6f80000,0x00000000d6f80000,0x00000000de980000)
  from space 12288K, 99% used [0x00000000de980000,0x00000000df57d488,0x00000000df580000)
  to   space 10240K, 0% used [0x00000000df580000,0x00000000df580000,0x00000000dff80000)
 ParOldGen       total 84992K, used 10591K [0x0000000084e00000, 0x000000008a100000, 0x00000000d6f80000)
  object space 84992K, 12% used [0x0000000084e00000,0x0000000085857ee8,0x000000008a100000)
 Metaspace       used 20621K, capacity 21192K, committed 21296K, reserved 1069056K
  class space    used 2367K, capacity 2583K, committed 2608K, reserved 1048576K
GC Heap History (10 events):
Event: 1,590 GC heap after
Heap after GC invocations=2 (full 0):
 PSYoungGen      total 36864K, used 5095K [0x00000000d6f80000, 0x00000000db780000, 0x0000000100000000)
  eden space 31744K, 0% used [0x00000000d6f80000,0x00000000d6f80000,0x00000000d8e80000)
  from space 5120K, 99% used [0x00000000d9380000,0x00000000d9879f88,0x00000000d9880000)
  to   space 5120K, 0% used [0x00000000d8e80000,0x00000000d8e80000,0x00000000d9380000)
 ParOldGen       total 84992K, used 622K [0x0000000084e00000, 0x000000008a100000, 0x00000000d6f80000)
  object space 84992K, 0% used [0x0000000084e00000,0x0000000084e9bbf0,0x000000008a100000)
 Metaspace       used 10709K, capacity 10878K, committed 11008K, reserved 1058816K
  class space    used 1313K, capacity 1411K, committed 1536K, reserved 1048576K
}
Event: 2,163 GC heap before
{Heap before GC invocations=3 (full 0):
 PSYoungGen      total 36864K, used 36839K [0x00000000d6f80000, 0x00000000db780000, 0x0000000100000000)
  eden space 31744K, 100% used [0x00000000d6f80000,0x00000000d8e80000,0x00000000d8e80000)
  from space 5120K, 99% used [0x00000000d9380000,0x00000000d9879f88,0x00000000d9880000)
  to   space 5120K, 0% used [0x00000000d8e80000,0x00000000d8e80000,0x00000000d9380000)
 ParOldGen       total 84992K, used 622K [0x0000000084e00000, 0x000000008a100000, 0x00000000d6f80000)
  object space 84992K, 0% used [0x0000000084e00000,0x0000000084e9bbf0,0x000000008a100000)
 Metaspace       used 13565K, capacity 13754K, committed 14080K, reserved 1060864K
  class space    used 1673K, capacity 1767K, committed 1792K, reserved 1048576K
Event: 2,173 GC heap after
Heap after GC invocations=3 (full 0):
 PSYoungGen      total 36864K, used 5094K [0x00000000d6f80000, 0x00000000db780000, 0x0000000100000000)
  eden space 31744K, 0% used [0x00000000d6f80000,0x00000000d6f80000,0x00000000d8e80000)
  from space 5120K, 99% used [0x00000000d8e80000,0x00000000d9379b70,0x00000000d9380000)
  to   space 5120K, 0% used [0x00000000db280000,0x00000000db280000,0x00000000db780000)
 ParOldGen       total 84992K, used 1196K [0x0000000084e00000, 0x000000008a100000, 0x00000000d6f80000)
  object space 84992K, 1% used [0x0000000084e00000,0x0000000084f2b3a8,0x000000008a100000)
 Metaspace       used 13565K, capacity 13754K, committed 14080K, reserved 1060864K
  class space    used 1673K, capacity 1767K, committed 1792K, reserved 1048576K
}
Event: 2,906 GC heap before
{Heap before GC invocations=4 (full 0):
 PSYoungGen      total 36864K, used 36838K [0x00000000d6f80000, 0x00000000db780000, 0x0000000100000000)
  eden space 31744K, 100% used [0x00000000d6f80000,0x00000000d8e80000,0x00000000d8e80000)
  from space 5120K, 99% used [0x00000000d8e80000,0x00000000d9379b70,0x00000000d9380000)
  to   space 5120K, 0% used [0x00000000db280000,0x00000000db280000,0x00000000db780000)
 ParOldGen       total 84992K, used 1196K [0x0000000084e00000, 0x000000008a100000, 0x00000000d6f80000)
  object space 84992K, 1% used [0x0000000084e00000,0x0000000084f2b3a8,0x000000008a100000)
 Metaspace       used 15781K, capacity 15950K, committed 16128K, reserved 1062912K
  class space    used 1898K, capacity 1972K, committed 2048K, reserved 1048576K
Event: 2,923 GC heap after
Heap after GC invocations=4 (full 0):
 PSYoungGen      total 68608K, used 5088K [0x00000000d6f80000, 0x00000000db780000, 0x0000000100000000)
  eden space 63488K, 0% used [0x00000000d6f80000,0x00000000d6f80000,0x00000000dad80000)
  from space 5120K, 99% used [0x00000000db280000,0x00000000db778020,0x00000000db780000)
  to   space 5120K, 0% used [0x00000000dad80000,0x00000000dad80000,0x00000000db280000)
 ParOldGen       total 84992K, used 3030K [0x0000000084e00000, 0x000000008a100000, 0x00000000d6f80000)
  object space 84992K, 3% used [0x0000000084e00000,0x00000000850f59c8,0x000000008a100000)
 Metaspace       used 15781K, capacity 15950K, committed 16128K, reserved 1062912K
  class space    used 1898K, capacity 1972K, committed 2048K, reserved 1048576K
}
Event: 3,812 GC heap before
{Heap before GC invocations=5 (full 0):
 PSYoungGen      total 68608K, used 68576K [0x00000000d6f80000, 0x00000000db780000, 0x0000000100000000)
  eden space 63488K, 100% used [0x00000000d6f80000,0x00000000dad80000,0x00000000dad80000)
  from space 5120K, 99% used [0x00000000db280000,0x00000000db778020,0x00000000db780000)
  to   space 5120K, 0% used [0x00000000dad80000,0x00000000dad80000,0x00000000db280000)
 ParOldGen       total 84992K, used 3030K [0x0000000084e00000, 0x000000008a100000, 0x00000000d6f80000)
  object space 84992K, 3% used [0x0000000084e00000,0x00000000850f59c8,0x000000008a100000)
 Metaspace       used 18147K, capacity 18640K, committed 18816K, reserved 1064960K
  class space    used 2145K, capacity 2316K, committed 2432K, reserved 1048576K
Event: 3,835 GC heap after
Heap after GC invocations=5 (full 0):
 PSYoungGen      total 68608K, used 5104K [0x00000000d6f80000, 0x00000000dff80000, 0x0000000100000000)
  eden space 63488K, 0% used [0x00000000d6f80000,0x00000000d6f80000,0x00000000dad80000)
  from space 5120K, 99% used [0x00000000dad80000,0x00000000db27c010,0x00000000db280000)
  to   space 10240K, 0% used [0x00000000df580000,0x00000000df580000,0x00000000dff80000)
 ParOldGen       total 84992K, used 8164K [0x0000000084e00000, 0x000000008a100000, 0x00000000d6f80000)
  object space 84992K, 9% used [0x0000000084e00000,0x00000000855f92e0,0x000000008a100000)
 Metaspace       used 18147K, capacity 18640K, committed 18816K, reserved 1064960K
  class space    used 2145K, capacity 2316K, committed 2432K, reserved 1048576K
}
Event: 5,086 GC heap before
{Heap before GC invocations=6 (full 0):
 PSYoungGen      total 68608K, used 68592K [0x00000000d6f80000, 0x00000000dff80000, 0x0000000100000000)
  eden space 63488K, 100% used [0x00000000d6f80000,0x00000000dad80000,0x00000000dad80000)
  from space 5120K, 99% used [0x00000000dad80000,0x00000000db27c010,0x00000000db280000)
  to   space 10240K, 0% used [0x00000000df580000,0x00000000df580000,0x00000000dff80000)
 ParOldGen       total 84992K, used 8164K [0x0000000084e00000, 0x000000008a100000, 0x00000000d6f80000)
  object space 84992K, 9% used [0x0000000084e00000,0x00000000855f92e0,0x000000008a100000)
 Metaspace       used 19095K, capacity 19612K, committed 19840K, reserved 1067008K
  class space    used 2236K, capacity 2402K, committed 2432K, reserved 1048576K
Event: 5,111 GC heap after
Heap after GC invocations=6 (full 0):
 PSYoungGen      total 135168K, used 10211K [0x00000000d6f80000, 0x00000000e0380000, 0x0000000100000000)
  eden space 124928K, 0% used [0x00000000d6f80000,0x00000000d6f80000,0x00000000de980000)
  from space 10240K, 99% used [0x00000000df580000,0x00000000dff78f08,0x00000000dff80000)
  to   space 12288K, 0% used [0x00000000de980000,0x00000000de980000,0x00000000df580000)
 ParOldGen       total 84992K, used 9015K [0x0000000084e00000, 0x000000008a100000, 0x00000000d6f80000)
  object space 84992K, 10% used [0x0000000084e00000,0x00000000856cdc38,0x000000008a100000)
 Metaspace       used 19095K, capacity 19612K, committed 19840K, reserved 1067008K
  class space    used 2236K, capacity 2402K, committed 2432K, reserved 1048576K
}
Event: 6,466 GC heap before
{Heap before GC invocations=7 (full 0):
 PSYoungGen      total 135168K, used 74827K [0x00000000d6f80000, 0x00000000e0380000, 0x0000000100000000)
  eden space 124928K, 51% used [0x00000000d6f80000,0x00000000dae99fa0,0x00000000de980000)
  from space 10240K, 99% used [0x00000000df580000,0x00000000dff78f08,0x00000000dff80000)
  to   space 12288K, 0% used [0x00000000de980000,0x00000000de980000,0x00000000df580000)
 ParOldGen       total 84992K, used 9015K [0x0000000084e00000, 0x000000008a100000, 0x00000000d6f80000)
  object space 84992K, 10% used [0x0000000084e00000,0x00000000856cdc38,0x000000008a100000)
 Metaspace       used 20621K, capacity 21192K, committed 21296K, reserved 1069056K
  class space    used 2367K, capacity 2583K, committed 2608K, reserved 1048576K

